  cmdline.c
  ldr.c
  strtoul.c
  u64tohex.c
  u64tostr.c
  ultohex.c
  ultostr.c
  windefend.c
  _filename.c
  _strcat.c
  _strcmp.c
  _strcmpi.c
  _strcpy.c
  _strend.c
  _strlen.c
  _strncmp.c
  _strncmpi.c
  _strncpy.c
  _strstri.c
  aic.c
  Generating Code...
  Compiling...
  main.c
  makecab.c
  compress.c
  api0cradle.c
  b33f.c
  bytecode77.c
  carberp.c
  comet.c
  deroko.c
  enigma0x3.c
  explife.c
  gootkit.c
  hakril.c
  hybrids.c
  comsup.c
  methods.c
  pitou.c
  rinn.c
  sandworm.c
  simda.c
  Generating Code...
  Compiling...
  tyranid.c
  wusa.c
  sup.c
  test.c
  Generating Code...
  Creating .\output\Win32\Debug\Resource.res
  
  Using codepage 1252 as default
  
  Resource.rc.
  Writing ICON:1,	lang:0x409,	size 7336
  Writing ICON:2,	lang:0x409,	size 3240
  Writing GROUP_ICON:104,	lang:0x409,	size 34.
  Writing VERSION:1,	lang:0x409,	size 772.
  Writing RCDATA:200,	lang:0x409,	size 10768.
  Writing RCDATA:201,	lang:0x409,	size 4720.
  Writing RCDATA:202,	lang:0x409,	size 5136.
  Writing RCDATA:204,	lang:0x409,	size 1920
  uacme.vcxproj -> C:\Users\IEUser\source\repos\UACMe\UACME\Source\Akagi\.\output\Win32\Debug\Akagi.exe
